<?xml version="1.0" encoding="UTF-8"?>
<testsuite xmlns:xsi="http://www.w3.org/2001/XMLSchema-instance" xsi:noNamespaceSchemaLocation="https://maven.apache.org/surefire/maven-surefire-plugin/xsd/surefire-test-report.xsd" version="3.0.2" name="com.cloudide.cloudide.ExecutionControllerTests" time="3.252" tests="8" errors="0" skipped="0" failures="0">
  <properties>
[...]
</properties>
  <testcase name="testUnauthenticatedExecutionRejected" classname="com.cloudide.cloudide.ExecutionControllerTests" time="0.377">
    <system-out><![CDATA[2026-09-13T08:40:30.447+05:30  INFO 19980 --- [           main] t.c.s.AnnotationConfigContextLoaderUtils : Could not detect default configuration classes for test class [com.cloudide.cloudide.ExecutionControllerTests]: ExecutionControllerTests does not declare any static, non-private, non-final, nested classes annotated with @Configuration.
2026-09-13T08:40:30.453+05:30  INFO 19980 --- [           main] .b.t.c.SpringBootTestContextBootstrapper : Found @SpringBootConfiguration com.cloudide.cloudide.CloudIdeApplication for test class com.cloudide.cloudide.ExecutionControllerTests

  .   ____          _            __ _ _
 /\\ / ___'_ __ _ _(_)_ __  __ _ \ \ \ \
( ( )\___ | '_ | '_| | '_ \/ _` | \ \ \ \
 \\/  ___)| |_)| | | | | || (_| |  ) ) ) )
  '  |____| .__|_| |_|_| |_\__, | / / / /
 =========|_|==============|___/=/_/_/_/

 :: Spring Boot ::                (v3.4.3)

2026-09-13T08:40:30.477+05:30  INFO 19980 --- [           main] c.c.cloudide.ExecutionControllerTests    : Starting ExecutionControllerTests using Java 25.0.1 with PID 19980 (started by Welcome in C:\Users\Welcome\Documents\projects\Cloud-IDE\backend)
2026-09-13T08:40:30.477+05:30  INFO 19980 --- [           main] c.c.cloudide.ExecutionControllerTests    : No active profile set, falling back to 1 default profile: "default"
2026-09-13T08:40:30.616+05:30  INFO 19980 --- [           main] .s.d.r.c.RepositoryConfigurationDelegate : Bootstrapping Spring Data JPA repositories in DEFAULT mode.
2026-09-13T08:40:30.633+05:30  INFO 19980 --- [           main] .s.d.r.c.RepositoryConfigurationDelegate : Finished Spring Data repository scanning in 15 ms. Found 3 JPA repository interfaces.
2026-09-13T08:40:30.818+05:30  INFO 19980 --- [           main] o.hibernate.jpa.internal.util.LogHelper  : HHH000204: Processing PersistenceUnitInfo [name: default]
2026-09-13T08:40:30.823+05:30  INFO 19980 --- [           main] o.h.c.internal.RegionFactoryInitiator    : HHH000026: Second-level cache disabled
2026-09-13T08:40:30.829+05:30  INFO 19980 --- [           main] o.s.o.j.p.SpringPersistenceUnitInfo      : No LoadTimeWeaver setup: ignoring JPA class transformer
2026-09-13T08:40:30.830+05:30  INFO 19980 --- [           main] com.zaxxer.hikari.HikariDataSource       : HikariPool-4 - Starting...
2026-09-13T08:40:30.832+05:30  INFO 19980 --- [           main] com.zaxxer.hikari.pool.HikariPool        : HikariPool-4 - Added connection conn30: url=jdbc:h2:mem:executiontestdb user=SA
2026-09-13T08:40:30.832+05:30  INFO 19980 --- [           main] com.zaxxer.hikari.HikariDataSource       : HikariPool-4 - Start completed.
2026-09-13T08:40:30.833+05:30  WARN 19980 --- [           main] org.hibernate.orm.deprecation            : HHH90000025: H2Dialect does not need to be specified explicitly using 'hibernate.dialect' (remove the property setting and it will be selected by default)
2026-09-13T08:40:30.833+05:30  INFO 19980 --- [           main] org.hibernate.orm.connections.pooling    : HHH10001005: Database info:
	Database JDBC URL [Connecting through datasource 'HikariDataSource (HikariPool-4)']
	Database driver: undefined/unknown
	Database version: 2.3.232
	Autocommit mode: undefined/unknown
	Isolation level: undefined/unknown
	Minimum pool size: undefined/unknown
	Maximum pool size: undefined/unknown
2026-09-13T08:40:30.915+05:30  INFO 19980 --- [           main] o.h.e.t.j.p.i.JtaPlatformInitiator       : HHH000489: No JTA platform available (set 'hibernate.transaction.jta.platform' to enable JTA platform integration)
2026-09-13T08:40:30.924+05:30  INFO 19980 --- [           main] j.LocalContainerEntityManagerFactoryBean : Initialized JPA EntityManagerFactory for persistence unit 'default'
2026-09-13T08:40:30.987+05:30  INFO 19980 --- [           main] eAuthenticationProviderManagerConfigurer : Global AuthenticationManager configured with AuthenticationProvider bean with name authenticationProvider
2026-09-13T08:40:30.987+05:30  WARN 19980 --- [           main] r$InitializeUserDetailsManagerConfigurer : Global AuthenticationManager configured with an AuthenticationProvider bean. UserDetailsService beans will not be used by Spring Security for automatically configuring username/password login. Consider removing the AuthenticationProvider bean. Alternatively, consider using the UserDetailsService in a manually instantiated DaoAuthenticationProvider. If the current configuration is intentional, to turn off this warning, increase the logging level of 'org.springframework.security.config.annotation.authentication.configuration.InitializeUserDetailsBeanManagerConfigurer' to ERROR
2026-09-13T08:40:31.000+05:30  WARN 19980 --- [           main] JpaBaseConfiguration$JpaWebConfiguration : spring.jpa.open-in-view is enabled by default. Therefore, database queries may be performed during view rendering. Explicitly configure spring.jpa.open-in-view to disable this warning
2026-09-13T08:40:31.131+05:30  INFO 19980 --- [           main] o.s.b.t.m.w.SpringBootMockServletContext : Initializing Spring TestDispatcherServlet ''
2026-09-13T08:40:31.131+05:30  INFO 19980 --- [           main] o.s.t.web.servlet.TestDispatcherServlet  : Initializing Servlet ''
2026-09-13T08:40:31.131+05:30  INFO 19980 --- [           main] o.s.t.web.servlet.TestDispatcherServlet  : Completed initialization in 0 ms
2026-09-13T08:40:31.144+05:30  INFO 19980 --- [           main] c.c.cloudide.ExecutionControllerTests    : Started ExecutionControllerTests in 0.687 seconds (process running for 13.546)
2026-09-13T08:40:31.150+05:30  INFO 19980 --- [           main] c.c.cloudide.config.DataInitializer      : Seeding database with default developer user (BCrypt-encoded) and starter projects...
2026-09-13T08:40:31.229+05:30  INFO 19980 --- [           main] c.c.cloudide.config.DataInitializer      : Database seeding completed successfully.
2026-09-13T08:40:31.315+05:30  INFO 19980 --- [           main] c.cloudide.cloudide.service.UserService  : Registered new user with id: 2 and email: user1_1789269031238@example.com
2026-09-13T08:40:31.524+05:30  INFO 19980 --- [           main] c.cloudide.cloudide.service.UserService  : Registered new user with id: 3 and email: user2_1789269031460@example.com
]]></system-out>
  </testcase>
  <testcase name="testExecuteForwardsToWorker" classname="com.cloudide.cloudide.ExecutionControllerTests" time="0.361">
    <system-out><![CDATA[2026-09-13T08:40:31.694+05:30  INFO 19980 --- [           main] c.cloudide.cloudide.service.UserService  : Registered new user with id: 4 and email: user1_1789269031613@example.com
2026-09-13T08:40:31.857+05:30  INFO 19980 --- [           main] c.cloudide.cloudide.service.UserService  : Registered new user with id: 5 and email: user2_1789269031778@example.com
2026-09-13T08:40:31.965+05:30  INFO 19980 --- [           main] c.c.cloudide.service.ExecutionService    : Starting interactive PYTHON execution (id: fc65eca5-2247-461a-8450-e409fcecebe3) for user user1_1789269031613@example.com
]]></system-out>
  </testcase>
  <testcase name="testExecutionOwnershipAllowedForOwner" classname="com.cloudide.cloudide.ExecutionControllerTests" time="0.317">
    <system-out><![CDATA[2026-09-13T08:40:32.055+05:30  INFO 19980 --- [           main] c.cloudide.cloudide.service.UserService  : Registered new user with id: 6 and email: user1_1789269031977@example.com
2026-09-13T08:40:32.199+05:30  INFO 19980 --- [           main] c.cloudide.cloudide.service.UserService  : Registered new user with id: 7 and email: user2_1789269032133@example.com
2026-09-13T08:40:32.273+05:30  INFO 19980 --- [           main] c.c.cloudide.service.ExecutionService    : Starting interactive JAVA execution (id: df2b3f39-b84e-42b1-a439-fae1a7faabe1) for user user1_1789269031977@example.com
2026-09-13T08:40:32.286+05:30  INFO 19980 --- [           main] c.c.cloudide.service.ExecutionService    : User user1_1789269031977@example.com sending stdin input to execution df2b3f39-b84e-42b1-a439-fae1a7faabe1
]]></system-out>
  </testcase>
  <testcase name="testExecutionOwnershipRejectsOtherUser" classname="com.cloudide.cloudide.ExecutionControllerTests" time="0.276">
    <system-out><![CDATA[2026-09-13T08:40:32.360+05:30  INFO 19980 --- [           main] c.cloudide.cloudide.service.UserService  : Registered new user with id: 8 and email: user1_1789269032296@example.com
2026-09-13T08:40:32.489+05:30  INFO 19980 --- [           main] c.cloudide.cloudide.service.UserService  : Registered new user with id: 9 and email: user2_1789269032426@example.com
2026-09-13T08:40:32.560+05:30  INFO 19980 --- [           main] c.c.cloudide.service.ExecutionService    : Starting interactive JAVA execution (id: f2404e6e-a1c9-43d2-a150-1703888ef8e0) for user user1_1789269032296@example.com
2026-09-13T08:40:32.566+05:30  WARN 19980 --- [           main] c.c.cloudide.service.ExecutionService    : Security violation: User 9 attempted to access execution f2404e6e-a1c9-43d2-a150-1703888ef8e0 owned by User 8
]]></system-out>
  </testcase>
  <testcase name="testGracefulWorkerFailureHandling" classname="com.cloudide.cloudide.ExecutionControllerTests" time="0.294">
    <system-out><![CDATA[2026-09-13T08:40:32.634+05:30  INFO 19980 --- [           main] c.cloudide.cloudide.service.UserService  : Registered new user with id: 10 and email: user1_1789269032574@example.com
2026-09-13T08:40:32.777+05:30  INFO 19980 --- [           main] c.cloudide.cloudide.service.UserService  : Registered new user with id: 11 and email: user2_1789269032707@example.com
2026-09-13T08:40:32.863+05:30  INFO 19980 --- [           main] c.c.cloudide.service.ExecutionService    : Starting interactive PYTHON execution (id: 75cf573a-a4a3-4b70-9c6d-66ff81fe99b4) for user user1_1789269032574@example.com
]]></system-out>
  </testcase>
  <testcase name="testExecutionHealthEndpoint" classname="com.cloudide.cloudide.ExecutionControllerTests" time="0.293">
    <system-out><![CDATA[2026-09-13T08:40:32.944+05:30  INFO 19980 --- [           main] c.cloudide.cloudide.service.UserService  : Registered new user with id: 12 and email: user1_1789269032870@example.com
2026-09-13T08:40:33.085+05:30  INFO 19980 --- [           main] c.cloudide.cloudide.service.UserService  : Registered new user with id: 13 and email: user2_1789269033017@example.com
]]></system-out>
  </testcase>
  <testcase name="testInvalidExecutionRequestValidation" classname="com.cloudide.cloudide.ExecutionControllerTests" time="0.263">
    <system-out><![CDATA[2026-09-13T08:40:33.225+05:30  INFO 19980 --- [           main] c.cloudide.cloudide.service.UserService  : Registered new user with id: 14 and email: user1_1789269033162@example.com
2026-09-13T08:40:33.353+05:30  INFO 19980 --- [           main] c.cloudide.cloudide.service.UserService  : Registered new user with id: 15 and email: user2_1789269033291@example.com
]]></system-out>
  </testcase>
  <testcase name="testStopExecutionOwnershipRejectsOtherUser" classname="com.cloudide.cloudide.ExecutionControllerTests" time="0.271">
    <system-out><![CDATA[2026-09-13T08:40:33.487+05:30  INFO 19980 --- [           main] c.cloudide.cloudide.service.UserService  : Registered new user with id: 16 and email: user1_1789269033426@example.com
2026-09-13T08:40:33.615+05:30  INFO 19980 --- [           main] c.cloudide.cloudide.service.UserService  : Registered new user with id: 17 and email: user2_1789269033553@example.com
2026-09-13T08:40:33.686+05:30  INFO 19980 --- [           main] c.c.cloudide.service.ExecutionService    : Starting interactive JAVA execution (id: f7e944dd-7ec3-41a1-8fb0-85f2075f394c) for user user1_1789269033426@example.com
2026-09-13T08:40:33.693+05:30  WARN 19980 --- [           main] c.c.cloudide.service.ExecutionService    : Security violation: User 17 attempted to access execution f7e944dd-7ec3-41a1-8fb0-85f2075f394c owned by User 16
]]></system-out>
  </testcase>
</testsuite>