<?xml version="1.0" encoding="UTF-8"?>
<testsuite xmlns:xsi="http://www.w3.org/2001/XMLSchema-instance" xsi:noNamespaceSchemaLocation="https://maven.apache.org/surefire/maven-surefire-plugin/xsd/surefire-test-report.xsd" version="3.0.2" name="com.cloudide.cloudide.controller.ApiControllerTests" time="1.848" tests="2" errors="0" skipped="0" failures="0">
  <properties>
[...]
</properties>
  <testcase name="testHealthEndpoint" classname="com.cloudide.cloudide.controller.ApiControllerTests" time="0.341">
    <system-out><![CDATA[2026-09-12T17:21:23.466+05:30  INFO 4628 --- [cloud-ide-backend] [           main] t.c.s.AnnotationConfigContextLoaderUtils : Could not detect default configuration classes for test class [com.cloudide.cloudide.controller.ApiControllerTests]: ApiControllerTests does not declare any static, non-private, non-final, nested classes annotated with @Configuration.
2026-09-12T17:21:23.496+05:30  INFO 4628 --- [cloud-ide-backend] [           main] .b.t.c.SpringBootTestContextBootstrapper : Found @SpringBootConfiguration com.cloudide.cloudide.CloudIdeApplication for test class com.cloudide.cloudide.controller.ApiControllerTests

  .   ____          _            __ _ _
 /\\ / ___'_ __ _ _(_)_ __  __ _ \ \ \ \
( ( )\___ | '_ | '_| | '_ \/ _` | \ \ \ \
 \\/  ___)| |_)| | | | | || (_| |  ) ) ) )
  '  |____| .__|_| |_|_| |_\__, | / / / /
 =========|_|==============|___/=/_/_/_/

 :: Spring Boot ::                (v3.4.3)

2026-09-12T17:21:23.550+05:30  INFO 4628 --- [cloud-ide-backend] [           main] c.c.c.controller.ApiControllerTests      : Starting ApiControllerTests using Java 25.0.1 with PID 4628 (started by Welcome in C:\Users\Welcome\Documents\projects\Cloud-IDE\backend)
2026-09-12T17:21:23.550+05:30 DEBUG 4628 --- [cloud-ide-backend] [           main] c.c.c.controller.ApiControllerTests      : Running with Spring Boot v3.4.3, Spring v6.2.3
2026-09-12T17:21:23.550+05:30  INFO 4628 --- [cloud-ide-backend] [           main] c.c.c.controller.ApiControllerTests      : No active profile set, falling back to 1 default profile: "default"
2026-09-12T17:21:23.877+05:30  INFO 4628 --- [cloud-ide-backend] [           main] .s.d.r.c.RepositoryConfigurationDelegate : Bootstrapping Spring Data JPA repositories in DEFAULT mode.
2026-09-12T17:21:23.894+05:30  INFO 4628 --- [cloud-ide-backend] [           main] .s.d.r.c.RepositoryConfigurationDelegate : Finished Spring Data repository scanning in 16 ms. Found 3 JPA repository interfaces.
2026-09-12T17:21:24.009+05:30  INFO 4628 --- [cloud-ide-backend] [           main] o.hibernate.jpa.internal.util.LogHelper  : HHH000204: Processing PersistenceUnitInfo [name: default]
2026-09-12T17:21:24.014+05:30  INFO 4628 --- [cloud-ide-backend] [           main] o.h.c.internal.RegionFactoryInitiator    : HHH000026: Second-level cache disabled
2026-09-12T17:21:24.031+05:30  INFO 4628 --- [cloud-ide-backend] [           main] o.s.o.j.p.SpringPersistenceUnitInfo      : No LoadTimeWeaver setup: ignoring JPA class transformer
2026-09-12T17:21:24.033+05:30  INFO 4628 --- [cloud-ide-backend] [           main] com.zaxxer.hikari.HikariDataSource       : HikariPool-3 - Starting...
2026-09-12T17:21:24.036+05:30  INFO 4628 --- [cloud-ide-backend] [           main] com.zaxxer.hikari.pool.HikariPool        : HikariPool-3 - Added connection conn20: url=jdbc:h2:mem:apicontrollertestdb user=ROOT
2026-09-12T17:21:24.037+05:30  INFO 4628 --- [cloud-ide-backend] [           main] com.zaxxer.hikari.HikariDataSource       : HikariPool-3 - Start completed.
2026-09-12T17:21:24.037+05:30  WARN 4628 --- [cloud-ide-backend] [           main] org.hibernate.orm.deprecation            : HHH90000025: H2Dialect does not need to be specified explicitly using 'hibernate.dialect' (remove the property setting and it will be selected by default)
2026-09-12T17:21:24.038+05:30  INFO 4628 --- [cloud-ide-backend] [           main] org.hibernate.orm.connections.pooling    : HHH10001005: Database info:
	Database JDBC URL [Connecting through datasource 'HikariDataSource (HikariPool-3)']
	Database driver: undefined/unknown
	Database version: 2.3.232
	Autocommit mode: undefined/unknown
	Isolation level: undefined/unknown
	Minimum pool size: undefined/unknown
	Maximum pool size: undefined/unknown
2026-09-12T17:21:24.159+05:30  INFO 4628 --- [cloud-ide-backend] [           main] o.h.e.t.j.p.i.JtaPlatformInitiator       : HHH000489: No JTA platform available (set 'hibernate.transaction.jta.platform' to enable JTA platform integration)
2026-09-12T17:21:24.160+05:30 DEBUG 4628 --- [cloud-ide-backend] [           main] org.hibernate.SQL                        : 
    drop table if exists files cascade 
Hibernate: 
    drop table if exists files cascade 
2026-09-12T17:21:24.160+05:30 DEBUG 4628 --- [cloud-ide-backend] [           main] org.hibernate.SQL                        : 
    drop table if exists projects cascade 
Hibernate: 
    drop table if exists projects cascade 
2026-09-12T17:21:24.161+05:30 DEBUG 4628 --- [cloud-ide-backend] [           main] org.hibernate.SQL                        : 
    drop table if exists users cascade 
Hibernate: 
    drop table if exists users cascade 
2026-09-12T17:21:24.162+05:30 DEBUG 4628 --- [cloud-ide-backend] [           main] org.hibernate.SQL                        : 
    create table files (
        created_at timestamp(6) not null,
        id bigint generated by default as identity,
        project_id bigint not null,
        updated_at timestamp(6),
        filename varchar(150) not null,
        content LONGTEXT,
        language enum ('C','CPP','JAVA','PYTHON') not null,
        primary key (id)
    )
Hibernate: 
    create table files (
        created_at timestamp(6) not null,
        id bigint generated by default as identity,
        project_id bigint not null,
        updated_at timestamp(6),
        filename varchar(150) not null,
        content LONGTEXT,
        language enum ('C','CPP','JAVA','PYTHON') not null,
        primary key (id)
    )
2026-09-12T17:21:24.164+05:30 DEBUG 4628 --- [cloud-ide-backend] [           main] org.hibernate.SQL                        : 
    create table projects (
        created_at timestamp(6) not null,
        id bigint generated by default as identity,
        updated_at timestamp(6),
        user_id bigint not null,
        name varchar(100) not null,
        description varchar(500),
        language enum ('C','CPP','JAVA','PYTHON') not null,
        primary key (id)
    )
Hibernate: 
    create table projects (
        created_at timestamp(6) not null,
        id bigint generated by default as identity,
        updated_at timestamp(6),
        user_id bigint not null,
        name varchar(100) not null,
        description varchar(500),
        language enum ('C','CPP','JAVA','PYTHON') not null,
        primary key (id)
    )
2026-09-12T17:21:24.166+05:30 DEBUG 4628 --- [cloud-ide-backend] [           main] org.hibernate.SQL                        : 
    create table users (
        created_at timestamp(6) not null,
        id bigint generated by default as identity,
        updated_at timestamp(6),
        name varchar(100) not null,
        email varchar(150) not null unique,
        password varchar(255) not null,
        primary key (id)
    )
Hibernate: 
    create table users (
        created_at timestamp(6) not null,
        id bigint generated by default as identity,
        updated_at timestamp(6),
        name varchar(100) not null,
        email varchar(150) not null unique,
        password varchar(255) not null,
        primary key (id)
    )
2026-09-12T17:21:24.168+05:30 DEBUG 4628 --- [cloud-ide-backend] [           main] org.hibernate.SQL                        : 
    alter table if exists files 
       add constraint FKncpjdlvw4479eu6qnh5a4fo9t 
       foreign key (project_id) 
       references projects
Hibernate: 
    alter table if exists files 
       add constraint FKncpjdlvw4479eu6qnh5a4fo9t 
       foreign key (project_id) 
       references projects
2026-09-12T17:21:24.171+05:30 DEBUG 4628 --- [cloud-ide-backend] [           main] org.hibernate.SQL                        : 
    alter table if exists projects 
       add constraint FKhswfwa3ga88vxv1pmboss6jhm 
       foreign key (user_id) 
       references users
Hibernate: 
    alter table if exists projects 
       add constraint FKhswfwa3ga88vxv1pmboss6jhm 
       foreign key (user_id) 
       references users
2026-09-12T17:21:24.175+05:30  INFO 4628 --- [cloud-ide-backend] [           main] j.LocalContainerEntityManagerFactoryBean : Initialized JPA EntityManagerFactory for persistence unit 'default'
2026-09-12T17:21:24.329+05:30  INFO 4628 --- [cloud-ide-backend] [           main] eAuthenticationProviderManagerConfigurer : Global AuthenticationManager configured with AuthenticationProvider bean with name authenticationProvider
2026-09-12T17:21:24.329+05:30  WARN 4628 --- [cloud-ide-backend] [           main] r$InitializeUserDetailsManagerConfigurer : Global AuthenticationManager configured with an AuthenticationProvider bean. UserDetailsService beans will not be used by Spring Security for automatically configuring username/password login. Consider removing the AuthenticationProvider bean. Alternatively, consider using the UserDetailsService in a manually instantiated DaoAuthenticationProvider. If the current configuration is intentional, to turn off this warning, increase the logging level of 'org.springframework.security.config.annotation.authentication.configuration.InitializeUserDetailsBeanManagerConfigurer' to ERROR
2026-09-12T17:21:24.533+05:30 DEBUG 4628 --- [cloud-ide-backend] [           main] c.c.c.security.JwtAuthenticationFilter   : Filter 'jwtAuthenticationFilter' configured for use
2026-09-12T17:21:24.533+05:30  INFO 4628 --- [cloud-ide-backend] [           main] o.s.b.t.m.w.SpringBootMockServletContext : Initializing Spring TestDispatcherServlet ''
2026-09-12T17:21:24.533+05:30  INFO 4628 --- [cloud-ide-backend] [           main] o.s.t.web.servlet.TestDispatcherServlet  : Initializing Servlet ''
2026-09-12T17:21:24.533+05:30  INFO 4628 --- [cloud-ide-backend] [           main] o.s.t.web.servlet.TestDispatcherServlet  : Completed initialization in 0 ms
2026-09-12T17:21:24.541+05:30  INFO 4628 --- [cloud-ide-backend] [           main] c.c.c.controller.ApiControllerTests      : Started ApiControllerTests in 1.038 seconds (process running for 14.46)
2026-09-12T17:21:24.545+05:30 DEBUG 4628 --- [cloud-ide-backend] [           main] org.hibernate.SQL                        : 
    select
        count(*) 
    from
        users u1_0
Hibernate: 
    select
        count(*) 
    from
        users u1_0
2026-09-12T17:21:24.547+05:30  INFO 4628 --- [cloud-ide-backend] [           main] c.c.cloudide.config.DataInitializer      : Seeding database with default developer user (BCrypt-encoded) and starter projects...
2026-09-12T17:21:24.647+05:30 DEBUG 4628 --- [cloud-ide-backend] [           main] org.hibernate.SQL                        : 
    insert 
    into
        users
        (created_at, email, name, password, updated_at, id) 
    values
        (?, ?, ?, ?, ?, default)
Hibernate: 
    insert 
    into
        users
        (created_at, email, name, password, updated_at, id) 
    values
        (?, ?, ?, ?, ?, default)
2026-09-12T17:21:24.650+05:30 DEBUG 4628 --- [cloud-ide-backend] [           main] org.hibernate.SQL                        : 
    insert 
    into
        projects
        (created_at, description, language, name, updated_at, user_id, id) 
    values
        (?, ?, ?, ?, ?, ?, default)
Hibernate: 
    insert 
    into
        projects
        (created_at, description, language, name, updated_at, user_id, id) 
    values
        (?, ?, ?, ?, ?, ?, default)
2026-09-12T17:21:24.654+05:30 DEBUG 4628 --- [cloud-ide-backend] [           main] org.hibernate.SQL                        : 
    insert 
    into
        files
        (content, created_at, filename, language, project_id, updated_at, id) 
    values
        (?, ?, ?, ?, ?, ?, default)
Hibernate: 
    insert 
    into
        files
        (content, created_at, filename, language, project_id, updated_at, id) 
    values
        (?, ?, ?, ?, ?, ?, default)
2026-09-12T17:21:24.656+05:30 DEBUG 4628 --- [cloud-ide-backend] [           main] org.hibernate.SQL                        : 
    insert 
    into
        files
        (content, created_at, filename, language, project_id, updated_at, id) 
    values
        (?, ?, ?, ?, ?, ?, default)
Hibernate: 
    insert 
    into
        files
        (content, created_at, filename, language, project_id, updated_at, id) 
    values
        (?, ?, ?, ?, ?, ?, default)
2026-09-12T17:21:24.658+05:30 DEBUG 4628 --- [cloud-ide-backend] [           main] org.hibernate.SQL                        : 
    insert 
    into
        files
        (content, created_at, filename, language, project_id, updated_at, id) 
    values
        (?, ?, ?, ?, ?, ?, default)
Hibernate: 
    insert 
    into
        files
        (content, created_at, filename, language, project_id, updated_at, id) 
    values
        (?, ?, ?, ?, ?, ?, default)
2026-09-12T17:21:24.660+05:30 DEBUG 4628 --- [cloud-ide-backend] [           main] org.hibernate.SQL                        : 
    insert 
    into
        projects
        (created_at, description, language, name, updated_at, user_id, id) 
    values
        (?, ?, ?, ?, ?, ?, default)
Hibernate: 
    insert 
    into
        projects
        (created_at, description, language, name, updated_at, user_id, id) 
    values
        (?, ?, ?, ?, ?, ?, default)
2026-09-12T17:21:24.662+05:30 DEBUG 4628 --- [cloud-ide-backend] [           main] org.hibernate.SQL                        : 
    insert 
    into
        files
        (content, created_at, filename, language, project_id, updated_at, id) 
    values
        (?, ?, ?, ?, ?, ?, default)
Hibernate: 
    insert 
    into
        files
        (content, created_at, filename, language, project_id, updated_at, id) 
    values
        (?, ?, ?, ?, ?, ?, default)
2026-09-12T17:21:24.663+05:30 DEBUG 4628 --- [cloud-ide-backend] [           main] org.hibernate.SQL                        : 
    insert 
    into
        projects
        (created_at, description, language, name, updated_at, user_id, id) 
    values
        (?, ?, ?, ?, ?, ?, default)
Hibernate: 
    insert 
    into
        projects
        (created_at, description, language, name, updated_at, user_id, id) 
    values
        (?, ?, ?, ?, ?, ?, default)
2026-09-12T17:21:24.665+05:30 DEBUG 4628 --- [cloud-ide-backend] [           main] org.hibernate.SQL                        : 
    insert 
    into
        files
        (content, created_at, filename, language, project_id, updated_at, id) 
    values
        (?, ?, ?, ?, ?, ?, default)
Hibernate: 
    insert 
    into
        files
        (content, created_at, filename, language, project_id, updated_at, id) 
    values
        (?, ?, ?, ?, ?, ?, default)
2026-09-12T17:21:24.666+05:30  INFO 4628 --- [cloud-ide-backend] [           main] c.c.cloudide.config.DataInitializer      : Database seeding completed successfully.
2026-09-12T17:21:24.694+05:30 DEBUG 4628 --- [cloud-ide-backend] [           main] org.hibernate.SQL                        : 
    select
        u1_0.id 
    from
        users u1_0 
    where
        u1_0.email=? 
    fetch
        first ? rows only
Hibernate: 
    select
        u1_0.id 
    from
        users u1_0 
    where
        u1_0.email=? 
    fetch
        first ? rows only
2026-09-12T17:21:24.793+05:30 DEBUG 4628 --- [cloud-ide-backend] [           main] org.hibernate.SQL                        : 
    insert 
    into
        users
        (created_at, email, name, password, updated_at, id) 
    values
        (?, ?, ?, ?, ?, default)
Hibernate: 
    insert 
    into
        users
        (created_at, email, name, password, updated_at, id) 
    values
        (?, ?, ?, ?, ?, default)
2026-09-12T17:21:24.794+05:30  INFO 4628 --- [cloud-ide-backend] [           main] c.cloudide.cloudide.service.UserService  : Registered new user with id: 2 and email: test.dev@cloud-ide.io
2026-09-12T17:21:24.898+05:30 DEBUG 4628 --- [cloud-ide-backend] [           main] org.hibernate.SQL                        : 
    select
        u1_0.id,
        u1_0.created_at,
        u1_0.email,
        u1_0.name,
        u1_0.password,
        u1_0.updated_at 
    from
        users u1_0 
    where
        u1_0.email=?
Hibernate: 
    select
        u1_0.id,
        u1_0.created_at,
        u1_0.email,
        u1_0.name,
        u1_0.password,
        u1_0.updated_at 
    from
        users u1_0 
    where
        u1_0.email=?
2026-09-12T17:21:25.000+05:30 DEBUG 4628 --- [cloud-ide-backend] [           main] org.hibernate.SQL                        : 
    select
        u1_0.id,
        u1_0.created_at,
        u1_0.email,
        u1_0.name,
        u1_0.password,
        u1_0.updated_at 
    from
        users u1_0 
    where
        u1_0.email=?
Hibernate: 
    select
        u1_0.id,
        u1_0.created_at,
        u1_0.email,
        u1_0.name,
        u1_0.password,
        u1_0.updated_at 
    from
        users u1_0 
    where
        u1_0.email=?
]]></system-out>
  </testcase>
  <testcase name="testProjectCrudFlow" classname="com.cloudide.cloudide.controller.ApiControllerTests" time="0.295">
    <system-out><![CDATA[2026-09-12T17:21:25.020+05:30 DEBUG 4628 --- [cloud-ide-backend] [           main] org.hibernate.SQL                        : 
    select
        u1_0.id 
    from
        users u1_0 
    where
        u1_0.email=? 
    fetch
        first ? rows only
Hibernate: 
    select
        u1_0.id 
    from
        users u1_0 
    where
        u1_0.email=? 
    fetch
        first ? rows only
2026-09-12T17:21:25.029+05:30 DEBUG 4628 --- [cloud-ide-backend] [           main] org.hibernate.SQL                        : 
    select
        u1_0.id,
        u1_0.created_at,
        u1_0.email,
        u1_0.name,
        u1_0.password,
        u1_0.updated_at 
    from
        users u1_0 
    where
        u1_0.email=?
Hibernate: 
    select
        u1_0.id,
        u1_0.created_at,
        u1_0.email,
        u1_0.name,
        u1_0.password,
        u1_0.updated_at 
    from
        users u1_0 
    where
        u1_0.email=?
2026-09-12T17:21:25.127+05:30 DEBUG 4628 --- [cloud-ide-backend] [           main] org.hibernate.SQL                        : 
    select
        u1_0.id,
        u1_0.created_at,
        u1_0.email,
        u1_0.name,
        u1_0.password,
        u1_0.updated_at 
    from
        users u1_0 
    where
        u1_0.email=?
Hibernate: 
    select
        u1_0.id,
        u1_0.created_at,
        u1_0.email,
        u1_0.name,
        u1_0.password,
        u1_0.updated_at 
    from
        users u1_0 
    where
        u1_0.email=?
2026-09-12T17:21:25.133+05:30 DEBUG 4628 --- [cloud-ide-backend] [           main] org.hibernate.SQL                        : 
    select
        u1_0.id,
        u1_0.created_at,
        u1_0.email,
        u1_0.name,
        u1_0.password,
        u1_0.updated_at 
    from
        users u1_0 
    where
        u1_0.email=?
Hibernate: 
    select
        u1_0.id,
        u1_0.created_at,
        u1_0.email,
        u1_0.name,
        u1_0.password,
        u1_0.updated_at 
    from
        users u1_0 
    where
        u1_0.email=?
2026-09-12T17:21:25.139+05:30 DEBUG 4628 --- [cloud-ide-backend] [           main] org.hibernate.SQL                        : 
    select
        u1_0.id,
        u1_0.created_at,
        u1_0.email,
        u1_0.name,
        u1_0.password,
        u1_0.updated_at 
    from
        users u1_0 
    where
        u1_0.email=?
Hibernate: 
    select
        u1_0.id,
        u1_0.created_at,
        u1_0.email,
        u1_0.name,
        u1_0.password,
        u1_0.updated_at 
    from
        users u1_0 
    where
        u1_0.email=?
2026-09-12T17:21:25.142+05:30 DEBUG 4628 --- [cloud-ide-backend] [           main] org.hibernate.SQL                        : 
    select
        p1_0.id,
        p1_0.created_at,
        p1_0.description,
        p1_0.language,
        p1_0.name,
        p1_0.updated_at,
        p1_0.user_id 
    from
        projects p1_0 
    left join
        users u1_0 
            on u1_0.id=p1_0.user_id 
    where
        u1_0.id=? 
    order by
        p1_0.updated_at desc
Hibernate: 
    select
        p1_0.id,
        p1_0.created_at,
        p1_0.description,
        p1_0.language,
        p1_0.name,
        p1_0.updated_at,
        p1_0.user_id 
    from
        projects p1_0 
    left join
        users u1_0 
            on u1_0.id=p1_0.user_id 
    where
        u1_0.id=? 
    order by
        p1_0.updated_at desc
2026-09-12T17:21:25.148+05:30 DEBUG 4628 --- [cloud-ide-backend] [           main] org.hibernate.SQL                        : 
    select
        u1_0.id,
        u1_0.created_at,
        u1_0.email,
        u1_0.name,
        u1_0.password,
        u1_0.updated_at 
    from
        users u1_0 
    where
        u1_0.email=?
Hibernate: 
    select
        u1_0.id,
        u1_0.created_at,
        u1_0.email,
        u1_0.name,
        u1_0.password,
        u1_0.updated_at 
    from
        users u1_0 
    where
        u1_0.email=?
2026-09-12T17:21:25.163+05:30 DEBUG 4628 --- [cloud-ide-backend] [           main] org.hibernate.SQL                        : 
    select
        u1_0.id,
        u1_0.created_at,
        u1_0.email,
        u1_0.name,
        u1_0.password,
        u1_0.updated_at 
    from
        users u1_0 
    where
        u1_0.email=?
Hibernate: 
    select
        u1_0.id,
        u1_0.created_at,
        u1_0.email,
        u1_0.name,
        u1_0.password,
        u1_0.updated_at 
    from
        users u1_0 
    where
        u1_0.email=?
2026-09-12T17:21:25.165+05:30 DEBUG 4628 --- [cloud-ide-backend] [           main] org.hibernate.SQL                        : 
    insert 
    into
        projects
        (created_at, description, language, name, updated_at, user_id, id) 
    values
        (?, ?, ?, ?, ?, ?, default)
Hibernate: 
    insert 
    into
        projects
        (created_at, description, language, name, updated_at, user_id, id) 
    values
        (?, ?, ?, ?, ?, ?, default)
2026-09-12T17:21:25.167+05:30 DEBUG 4628 --- [cloud-ide-backend] [           main] org.hibernate.SQL                        : 
    insert 
    into
        files
        (content, created_at, filename, language, project_id, updated_at, id) 
    values
        (?, ?, ?, ?, ?, ?, default)
Hibernate: 
    insert 
    into
        files
        (content, created_at, filename, language, project_id, updated_at, id) 
    values
        (?, ?, ?, ?, ?, ?, default)
2026-09-12T17:21:25.169+05:30  INFO 4628 --- [cloud-ide-backend] [           main] c.c.cloudide.service.ProjectService      : Created project id: 4 for user: test.dev@cloud-ide.io with initial file: Main.java
2026-09-12T17:21:25.172+05:30 DEBUG 4628 --- [cloud-ide-backend] [           main] org.hibernate.SQL                        : 
    select
        f1_0.id,
        f1_0.content,
        f1_0.created_at,
        f1_0.filename,
        f1_0.language,
        f1_0.project_id,
        f1_0.updated_at 
    from
        files f1_0 
    left join
        projects p1_0 
            on p1_0.id=f1_0.project_id 
    where
        p1_0.id=? 
    order by
        f1_0.id
Hibernate: 
    select
        f1_0.id,
        f1_0.content,
        f1_0.created_at,
        f1_0.filename,
        f1_0.language,
        f1_0.project_id,
        f1_0.updated_at 
    from
        files f1_0 
    left join
        projects p1_0 
            on p1_0.id=f1_0.project_id 
    where
        p1_0.id=? 
    order by
        f1_0.id
2026-09-12T17:21:25.185+05:30 DEBUG 4628 --- [cloud-ide-backend] [           main] org.hibernate.SQL                        : 
    select
        u1_0.id,
        u1_0.created_at,
        u1_0.email,
        u1_0.name,
        u1_0.password,
        u1_0.updated_at 
    from
        users u1_0 
    where
        u1_0.email=?
Hibernate: 
    select
        u1_0.id,
        u1_0.created_at,
        u1_0.email,
        u1_0.name,
        u1_0.password,
        u1_0.updated_at 
    from
        users u1_0 
    where
        u1_0.email=?
2026-09-12T17:21:25.189+05:30 DEBUG 4628 --- [cloud-ide-backend] [           main] org.hibernate.SQL                        : 
    select
        p1_0.id,
        p1_0.created_at,
        p1_0.description,
        p1_0.language,
        p1_0.name,
        p1_0.updated_at,
        p1_0.user_id 
    from
        projects p1_0 
    where
        p1_0.id=?
Hibernate: 
    select
        p1_0.id,
        p1_0.created_at,
        p1_0.description,
        p1_0.language,
        p1_0.name,
        p1_0.updated_at,
        p1_0.user_id 
    from
        projects p1_0 
    where
        p1_0.id=?
2026-09-12T17:21:25.191+05:30 DEBUG 4628 --- [cloud-ide-backend] [           main] org.hibernate.SQL                        : 
    select
        u1_0.id,
        u1_0.created_at,
        u1_0.email,
        u1_0.name,
        u1_0.password,
        u1_0.updated_at 
    from
        users u1_0 
    where
        u1_0.email=?
Hibernate: 
    select
        u1_0.id,
        u1_0.created_at,
        u1_0.email,
        u1_0.name,
        u1_0.password,
        u1_0.updated_at 
    from
        users u1_0 
    where
        u1_0.email=?
2026-09-12T17:21:25.193+05:30 DEBUG 4628 --- [cloud-ide-backend] [           main] org.hibernate.SQL                        : 
    select
        f1_0.id,
        f1_0.content,
        f1_0.created_at,
        f1_0.filename,
        f1_0.language,
        f1_0.project_id,
        f1_0.updated_at 
    from
        files f1_0 
    left join
        projects p1_0 
            on p1_0.id=f1_0.project_id 
    where
        p1_0.id=? 
    order by
        f1_0.id
Hibernate: 
    select
        f1_0.id,
        f1_0.content,
        f1_0.created_at,
        f1_0.filename,
        f1_0.language,
        f1_0.project_id,
        f1_0.updated_at 
    from
        files f1_0 
    left join
        projects p1_0 
            on p1_0.id=f1_0.project_id 
    where
        p1_0.id=? 
    order by
        f1_0.id
2026-09-12T17:21:25.199+05:30 DEBUG 4628 --- [cloud-ide-backend] [           main] org.hibernate.SQL                        : 
    select
        u1_0.id,
        u1_0.created_at,
        u1_0.email,
        u1_0.name,
        u1_0.password,
        u1_0.updated_at 
    from
        users u1_0 
    where
        u1_0.email=?
Hibernate: 
    select
        u1_0.id,
        u1_0.created_at,
        u1_0.email,
        u1_0.name,
        u1_0.password,
        u1_0.updated_at 
    from
        users u1_0 
    where
        u1_0.email=?
2026-09-12T17:21:25.205+05:30 DEBUG 4628 --- [cloud-ide-backend] [           main] org.hibernate.SQL                        : 
    select
        p1_0.id,
        p1_0.created_at,
        p1_0.description,
        p1_0.language,
        p1_0.name,
        p1_0.updated_at,
        p1_0.user_id 
    from
        projects p1_0 
    where
        p1_0.id=?
Hibernate: 
    select
        p1_0.id,
        p1_0.created_at,
        p1_0.description,
        p1_0.language,
        p1_0.name,
        p1_0.updated_at,
        p1_0.user_id 
    from
        projects p1_0 
    where
        p1_0.id=?
2026-09-12T17:21:25.207+05:30 DEBUG 4628 --- [cloud-ide-backend] [           main] org.hibernate.SQL                        : 
    select
        u1_0.id,
        u1_0.created_at,
        u1_0.email,
        u1_0.name,
        u1_0.password,
        u1_0.updated_at 
    from
        users u1_0 
    where
        u1_0.email=?
Hibernate: 
    select
        u1_0.id,
        u1_0.created_at,
        u1_0.email,
        u1_0.name,
        u1_0.password,
        u1_0.updated_at 
    from
        users u1_0 
    where
        u1_0.email=?
2026-09-12T17:21:25.209+05:30 DEBUG 4628 --- [cloud-ide-backend] [           main] org.hibernate.SQL                        : 
    insert 
    into
        files
        (content, created_at, filename, language, project_id, updated_at, id) 
    values
        (?, ?, ?, ?, ?, ?, default)
Hibernate: 
    insert 
    into
        files
        (content, created_at, filename, language, project_id, updated_at, id) 
    values
        (?, ?, ?, ?, ?, ?, default)
2026-09-12T17:21:25.209+05:30  INFO 4628 --- [cloud-ide-backend] [           main] c.cloudide.cloudide.service.FileService  : Created file id: 7 (Service.java) in project id: 4
2026-09-12T17:21:25.216+05:30 DEBUG 4628 --- [cloud-ide-backend] [           main] org.hibernate.SQL                        : 
    select
        u1_0.id,
        u1_0.created_at,
        u1_0.email,
        u1_0.name,
        u1_0.password,
        u1_0.updated_at 
    from
        users u1_0 
    where
        u1_0.email=?
Hibernate: 
    select
        u1_0.id,
        u1_0.created_at,
        u1_0.email,
        u1_0.name,
        u1_0.password,
        u1_0.updated_at 
    from
        users u1_0 
    where
        u1_0.email=?
2026-09-12T17:21:25.222+05:30 DEBUG 4628 --- [cloud-ide-backend] [           main] org.hibernate.SQL                        : 
    select
        p1_0.id,
        p1_0.created_at,
        p1_0.description,
        p1_0.language,
        p1_0.name,
        p1_0.updated_at,
        p1_0.user_id 
    from
        projects p1_0 
    where
        p1_0.id=?
Hibernate: 
    select
        p1_0.id,
        p1_0.created_at,
        p1_0.description,
        p1_0.language,
        p1_0.name,
        p1_0.updated_at,
        p1_0.user_id 
    from
        projects p1_0 
    where
        p1_0.id=?
2026-09-12T17:21:25.224+05:30 DEBUG 4628 --- [cloud-ide-backend] [           main] org.hibernate.SQL                        : 
    select
        u1_0.id,
        u1_0.created_at,
        u1_0.email,
        u1_0.name,
        u1_0.password,
        u1_0.updated_at 
    from
        users u1_0 
    where
        u1_0.email=?
Hibernate: 
    select
        u1_0.id,
        u1_0.created_at,
        u1_0.email,
        u1_0.name,
        u1_0.password,
        u1_0.updated_at 
    from
        users u1_0 
    where
        u1_0.email=?
2026-09-12T17:21:25.230+05:30 DEBUG 4628 --- [cloud-ide-backend] [           main] org.hibernate.SQL                        : 
    select
        f1_0.id,
        f1_0.content,
        f1_0.created_at,
        f1_0.filename,
        f1_0.language,
        f1_0.project_id,
        f1_0.updated_at 
    from
        files f1_0 
    left join
        projects p1_0 
            on p1_0.id=f1_0.project_id 
    where
        f1_0.id=? 
        and p1_0.id=?
Hibernate: 
    select
        f1_0.id,
        f1_0.content,
        f1_0.created_at,
        f1_0.filename,
        f1_0.language,
        f1_0.project_id,
        f1_0.updated_at 
    from
        files f1_0 
    left join
        projects p1_0 
            on p1_0.id=f1_0.project_id 
    where
        f1_0.id=? 
        and p1_0.id=?
2026-09-12T17:21:25.236+05:30  INFO 4628 --- [cloud-ide-backend] [           main] c.cloudide.cloudide.service.FileService  : Updated file id: 7 in project id: 4
2026-09-12T17:21:25.244+05:30 DEBUG 4628 --- [cloud-ide-backend] [           main] org.hibernate.SQL                        : 
    update
        files 
    set
        content=?,
        filename=?,
        language=?,
        project_id=?,
        updated_at=? 
    where
        id=?
Hibernate: 
    update
        files 
    set
        content=?,
        filename=?,
        language=?,
        project_id=?,
        updated_at=? 
    where
        id=?
2026-09-12T17:21:25.253+05:30 DEBUG 4628 --- [cloud-ide-backend] [           main] org.hibernate.SQL                        : 
    select
        u1_0.id,
        u1_0.created_at,
        u1_0.email,
        u1_0.name,
        u1_0.password,
        u1_0.updated_at 
    from
        users u1_0 
    where
        u1_0.email=?
Hibernate: 
    select
        u1_0.id,
        u1_0.created_at,
        u1_0.email,
        u1_0.name,
        u1_0.password,
        u1_0.updated_at 
    from
        users u1_0 
    where
        u1_0.email=?
2026-09-12T17:21:25.258+05:30 DEBUG 4628 --- [cloud-ide-backend] [           main] org.hibernate.SQL                        : 
    select
        p1_0.id,
        p1_0.created_at,
        p1_0.description,
        p1_0.language,
        p1_0.name,
        p1_0.updated_at,
        p1_0.user_id 
    from
        projects p1_0 
    where
        p1_0.id=?
Hibernate: 
    select
        p1_0.id,
        p1_0.created_at,
        p1_0.description,
        p1_0.language,
        p1_0.name,
        p1_0.updated_at,
        p1_0.user_id 
    from
        projects p1_0 
    where
        p1_0.id=?
2026-09-12T17:21:25.260+05:30 DEBUG 4628 --- [cloud-ide-backend] [           main] org.hibernate.SQL                        : 
    select
        u1_0.id,
        u1_0.created_at,
        u1_0.email,
        u1_0.name,
        u1_0.password,
        u1_0.updated_at 
    from
        users u1_0 
    where
        u1_0.email=?
Hibernate: 
    select
        u1_0.id,
        u1_0.created_at,
        u1_0.email,
        u1_0.name,
        u1_0.password,
        u1_0.updated_at 
    from
        users u1_0 
    where
        u1_0.email=?
2026-09-12T17:21:25.263+05:30 DEBUG 4628 --- [cloud-ide-backend] [           main] org.hibernate.SQL                        : 
    select
        f1_0.id,
        f1_0.content,
        f1_0.created_at,
        f1_0.filename,
        f1_0.language,
        f1_0.project_id,
        f1_0.updated_at 
    from
        files f1_0 
    left join
        projects p1_0 
            on p1_0.id=f1_0.project_id 
    where
        f1_0.id=? 
        and p1_0.id=?
Hibernate: 
    select
        f1_0.id,
        f1_0.content,
        f1_0.created_at,
        f1_0.filename,
        f1_0.language,
        f1_0.project_id,
        f1_0.updated_at 
    from
        files f1_0 
    left join
        projects p1_0 
            on p1_0.id=f1_0.project_id 
    where
        f1_0.id=? 
        and p1_0.id=?
2026-09-12T17:21:25.269+05:30  INFO 4628 --- [cloud-ide-backend] [           main] c.cloudide.cloudide.service.FileService  : Deleted file id: 7 from project id: 4
2026-09-12T17:21:25.271+05:30 DEBUG 4628 --- [cloud-ide-backend] [           main] org.hibernate.SQL                        : 
    delete 
    from
        files 
    where
        id=?
Hibernate: 
    delete 
    from
        files 
    where
        id=?
2026-09-12T17:21:25.279+05:30 DEBUG 4628 --- [cloud-ide-backend] [           main] org.hibernate.SQL                        : 
    select
        u1_0.id,
        u1_0.created_at,
        u1_0.email,
        u1_0.name,
        u1_0.password,
        u1_0.updated_at 
    from
        users u1_0 
    where
        u1_0.email=?
Hibernate: 
    select
        u1_0.id,
        u1_0.created_at,
        u1_0.email,
        u1_0.name,
        u1_0.password,
        u1_0.updated_at 
    from
        users u1_0 
    where
        u1_0.email=?
2026-09-12T17:21:25.283+05:30 DEBUG 4628 --- [cloud-ide-backend] [           main] org.hibernate.SQL                        : 
    select
        p1_0.id,
        p1_0.created_at,
        p1_0.description,
        p1_0.language,
        p1_0.name,
        p1_0.updated_at,
        p1_0.user_id 
    from
        projects p1_0 
    where
        p1_0.id=?
Hibernate: 
    select
        p1_0.id,
        p1_0.created_at,
        p1_0.description,
        p1_0.language,
        p1_0.name,
        p1_0.updated_at,
        p1_0.user_id 
    from
        projects p1_0 
    where
        p1_0.id=?
2026-09-12T17:21:25.284+05:30 DEBUG 4628 --- [cloud-ide-backend] [           main] org.hibernate.SQL                        : 
    select
        u1_0.id,
        u1_0.created_at,
        u1_0.email,
        u1_0.name,
        u1_0.password,
        u1_0.updated_at 
    from
        users u1_0 
    where
        u1_0.email=?
Hibernate: 
    select
        u1_0.id,
        u1_0.created_at,
        u1_0.email,
        u1_0.name,
        u1_0.password,
        u1_0.updated_at 
    from
        users u1_0 
    where
        u1_0.email=?
2026-09-12T17:21:25.288+05:30 DEBUG 4628 --- [cloud-ide-backend] [           main] org.hibernate.SQL                        : 
    select
        f1_0.id,
        f1_0.content,
        f1_0.created_at,
        f1_0.filename,
        f1_0.language,
        f1_0.project_id,
        f1_0.updated_at 
    from
        files f1_0 
    left join
        projects p1_0 
            on p1_0.id=f1_0.project_id 
    where
        p1_0.id=?
Hibernate: 
    select
        f1_0.id,
        f1_0.content,
        f1_0.created_at,
        f1_0.filename,
        f1_0.language,
        f1_0.project_id,
        f1_0.updated_at 
    from
        files f1_0 
    left join
        projects p1_0 
            on p1_0.id=f1_0.project_id 
    where
        p1_0.id=?
2026-09-12T17:21:25.290+05:30  INFO 4628 --- [cloud-ide-backend] [           main] c.c.cloudide.service.ProjectService      : Deleted project id: 4
2026-09-12T17:21:25.290+05:30 DEBUG 4628 --- [cloud-ide-backend] [           main] org.hibernate.SQL                        : 
    delete 
    from
        files 
    where
        id=?
Hibernate: 
    delete 
    from
        files 
    where
        id=?
2026-09-12T17:21:25.291+05:30 DEBUG 4628 --- [cloud-ide-backend] [           main] org.hibernate.SQL                        : 
    delete 
    from
        projects 
    where
        id=?
Hibernate: 
    delete 
    from
        projects 
    where
        id=?
2026-09-12T17:21:25.296+05:30 DEBUG 4628 --- [cloud-ide-backend] [           main] org.hibernate.SQL                        : 
    select
        u1_0.id,
        u1_0.created_at,
        u1_0.email,
        u1_0.name,
        u1_0.password,
        u1_0.updated_at 
    from
        users u1_0 
    where
        u1_0.email=?
Hibernate: 
    select
        u1_0.id,
        u1_0.created_at,
        u1_0.email,
        u1_0.name,
        u1_0.password,
        u1_0.updated_at 
    from
        users u1_0 
    where
        u1_0.email=?
2026-09-12T17:21:25.304+05:30 DEBUG 4628 --- [cloud-ide-backend] [           main] org.hibernate.SQL                        : 
    select
        p1_0.id,
        p1_0.created_at,
        p1_0.description,
        p1_0.language,
        p1_0.name,
        p1_0.updated_at,
        p1_0.user_id 
    from
        projects p1_0 
    where
        p1_0.id=?
Hibernate: 
    select
        p1_0.id,
        p1_0.created_at,
        p1_0.description,
        p1_0.language,
        p1_0.name,
        p1_0.updated_at,
        p1_0.user_id 
    from
        projects p1_0 
    where
        p1_0.id=?
]]></system-out>
  </testcase>
</testsuite>