<?xml version="1.0" encoding="UTF-8"?>
<testsuite xmlns:xsi="http://www.w3.org/2001/XMLSchema-instance" xsi:noNamespaceSchemaLocation="https://maven.apache.org/surefire/maven-surefire-plugin/xsd/surefire-test-report.xsd" version="3.0.2" name="com.cloudide.cloudide.CloudIdeApplicationTests" time="2.49" tests="1" errors="0" skipped="0" failures="0">
  <properties>
[...]
</properties>
  <testcase name="contextLoads" classname="com.cloudide.cloudide.CloudIdeApplicationTests" time="0.012">
    <system-out><![CDATA[2026-09-13T09:37:03.261+05:30  INFO 16720 --- [           main] t.c.s.AnnotationConfigContextLoaderUtils : Could not detect default configuration classes for test class [com.cloudide.cloudide.CloudIdeApplicationTests]: CloudIdeApplicationTests does not declare any static, non-private, non-final, nested classes annotated with @Configuration.
2026-09-13T09:37:03.264+05:30  INFO 16720 --- [           main] .b.t.c.SpringBootTestContextBootstrapper : Found @SpringBootConfiguration com.cloudide.cloudide.CloudIdeApplication for test class com.cloudide.cloudide.CloudIdeApplicationTests

  .   ____          _            __ _ _
 /\\ / ___'_ __ _ _(_)_ __  __ _ \ \ \ \
( ( )\___ | '_ | '_| | '_ \/ _` | \ \ \ \
 \\/  ___)| |_)| | | | | || (_| |  ) ) ) )
  '  |____| .__|_| |_|_| |_\__, | / / / /
 =========|_|==============|___/=/_/_/_/

 :: Spring Boot ::                (v3.4.3)

2026-09-13T09:37:03.346+05:30  INFO 16720 --- [           main] c.c.cloudide.CloudIdeApplicationTests    : Starting CloudIdeApplicationTests using Java 25.0.1 with PID 16720 (started by Welcome in C:\Users\Welcome\Documents\projects\Cloud-IDE\backend)
2026-09-13T09:37:03.347+05:30  INFO 16720 --- [           main] c.c.cloudide.CloudIdeApplicationTests    : No active profile set, falling back to 1 default profile: "default"
2026-09-13T09:37:03.901+05:30  INFO 16720 --- [           main] .s.d.r.c.RepositoryConfigurationDelegate : Bootstrapping Spring Data JPA repositories in DEFAULT mode.
2026-09-13T09:37:03.935+05:30  INFO 16720 --- [           main] .s.d.r.c.RepositoryConfigurationDelegate : Finished Spring Data repository scanning in 31 ms. Found 3 JPA repository interfaces.
2026-09-13T09:37:04.149+05:30  INFO 16720 --- [           main] o.hibernate.jpa.internal.util.LogHelper  : HHH000204: Processing PersistenceUnitInfo [name: default]
2026-09-13T09:37:04.153+05:30  INFO 16720 --- [           main] o.h.c.internal.RegionFactoryInitiator    : HHH000026: Second-level cache disabled
2026-09-13T09:37:04.176+05:30  INFO 16720 --- [           main] o.s.o.j.p.SpringPersistenceUnitInfo      : No LoadTimeWeaver setup: ignoring JPA class transformer
2026-09-13T09:37:04.178+05:30  INFO 16720 --- [           main] com.zaxxer.hikari.HikariDataSource       : HikariPool-2 - Starting...
2026-09-13T09:37:04.183+05:30  INFO 16720 --- [           main] com.zaxxer.hikari.pool.HikariPool        : HikariPool-2 - Added connection conn10: url=jdbc:h2:mem:testdb user=SA
2026-09-13T09:37:04.183+05:30  INFO 16720 --- [           main] com.zaxxer.hikari.HikariDataSource       : HikariPool-2 - Start completed.
2026-09-13T09:37:04.184+05:30  WARN 16720 --- [           main] org.hibernate.orm.deprecation            : HHH90000025: H2Dialect does not need to be specified explicitly using 'hibernate.dialect' (remove the property setting and it will be selected by default)
2026-09-13T09:37:04.184+05:30  INFO 16720 --- [           main] org.hibernate.orm.connections.pooling    : HHH10001005: Database info:
	Database JDBC URL [Connecting through datasource 'HikariDataSource (HikariPool-2)']
	Database driver: undefined/unknown
	Database version: 2.3.232
	Autocommit mode: undefined/unknown
	Isolation level: undefined/unknown
	Minimum pool size: undefined/unknown
	Maximum pool size: undefined/unknown
2026-09-13T09:37:04.309+05:30  INFO 16720 --- [           main] o.h.e.t.j.p.i.JtaPlatformInitiator       : HHH000489: No JTA platform available (set 'hibernate.transaction.jta.platform' to enable JTA platform integration)
2026-09-13T09:37:04.317+05:30  INFO 16720 --- [           main] j.LocalContainerEntityManagerFactoryBean : Initialized JPA EntityManagerFactory for persistence unit 'default'
2026-09-13T09:37:04.669+05:30  INFO 16720 --- [           main] eAuthenticationProviderManagerConfigurer : Global AuthenticationManager configured with AuthenticationProvider bean with name authenticationProvider
2026-09-13T09:37:04.669+05:30  WARN 16720 --- [           main] r$InitializeUserDetailsManagerConfigurer : Global AuthenticationManager configured with an AuthenticationProvider bean. UserDetailsService beans will not be used by Spring Security for automatically configuring username/password login. Consider removing the AuthenticationProvider bean. Alternatively, consider using the UserDetailsService in a manually instantiated DaoAuthenticationProvider. If the current configuration is intentional, to turn off this warning, increase the logging level of 'org.springframework.security.config.annotation.authentication.configuration.InitializeUserDetailsBeanManagerConfigurer' to ERROR
2026-09-13T09:37:04.782+05:30  WARN 16720 --- [           main] JpaBaseConfiguration$JpaWebConfiguration : spring.jpa.open-in-view is enabled by default. Therefore, database queries may be performed during view rendering. Explicitly configure spring.jpa.open-in-view to disable this warning
2026-09-13T09:37:05.145+05:30  INFO 16720 --- [           main] o.s.b.a.e.web.EndpointLinksResolver      : Exposing 1 endpoint beneath base path '/actuator'
2026-09-13T09:37:05.595+05:30  INFO 16720 --- [           main] c.c.cloudide.CloudIdeApplicationTests    : Started CloudIdeApplicationTests in 2.323 seconds (process running for 19.475)
2026-09-13T09:37:05.608+05:30  INFO 16720 --- [           main] c.c.cloudide.config.DataInitializer      : Seeding database with default developer user (BCrypt-encoded) and starter projects...
2026-09-13T09:37:05.728+05:30  INFO 16720 --- [           main] c.c.cloudide.config.DataInitializer      : Database seeding completed successfully.
]]></system-out>
  </testcase>
</testsuite>