<?xml version="1.0" encoding="UTF-8"?>
<testsuite xmlns:xsi="http://www.w3.org/2001/XMLSchema-instance" xsi:noNamespaceSchemaLocation="https://maven.apache.org/surefire/maven-surefire-plugin/xsd/surefire-test-report.xsd" version="3.0.2" name="com.cloudide.cloudide.AuthSecurityTests" time="9.267" tests="4" errors="0" skipped="0" failures="0">
  <properties>
[...]
</properties>
  <testcase name="testProjectAndFileOwnershipIsolation" classname="com.cloudide.cloudide.AuthSecurityTests" time="1.257">
    <system-out><![CDATA[08:40:18.384 [main] INFO org.springframework.test.context.support.AnnotationConfigContextLoaderUtils -- Could not detect default configuration classes for test class [com.cloudide.cloudide.AuthSecurityTests]: AuthSecurityTests does not declare any static, non-private, non-final, nested classes annotated with @Configuration.
08:40:18.509 [main] INFO org.springframework.boot.test.context.SpringBootTestContextBootstrapper -- Found @SpringBootConfiguration com.cloudide.cloudide.CloudIdeApplication for test class com.cloudide.cloudide.AuthSecurityTests

  .   ____          _            __ _ _
 /\\ / ___'_ __ _ _(_)_ __  __ _ \ \ \ \
( ( )\___ | '_ | '_| | '_ \/ _` | \ \ \ \
 \\/  ___)| |_)| | | | | || (_| |  ) ) ) )
  '  |____| .__|_| |_|_| |_\__, | / / / /
 =========|_|==============|___/=/_/_/_/

 :: Spring Boot ::                (v3.4.3)

2026-09-13T08:40:18.913+05:30  INFO 19980 --- [           main] c.cloudide.cloudide.AuthSecurityTests    : Starting AuthSecurityTests using Java 25.0.1 with PID 19980 (started by Welcome in C:\Users\Welcome\Documents\projects\Cloud-IDE\backend)
2026-09-13T08:40:18.915+05:30  INFO 19980 --- [           main] c.cloudide.cloudide.AuthSecurityTests    : No active profile set, falling back to 1 default profile: "default"
2026-09-13T08:40:19.888+05:30  INFO 19980 --- [           main] .s.d.r.c.RepositoryConfigurationDelegate : Bootstrapping Spring Data JPA repositories in DEFAULT mode.
2026-09-13T08:40:19.986+05:30  INFO 19980 --- [           main] .s.d.r.c.RepositoryConfigurationDelegate : Finished Spring Data repository scanning in 78 ms. Found 3 JPA repository interfaces.
2026-09-13T08:40:21.198+05:30  INFO 19980 --- [           main] o.hibernate.jpa.internal.util.LogHelper  : HHH000204: Processing PersistenceUnitInfo [name: default]
2026-09-13T08:40:21.329+05:30  INFO 19980 --- [           main] org.hibernate.Version                    : HHH000412: Hibernate ORM core version 6.6.8.Final
2026-09-13T08:40:21.425+05:30  INFO 19980 --- [           main] o.h.c.internal.RegionFactoryInitiator    : HHH000026: Second-level cache disabled
2026-09-13T08:40:22.193+05:30  INFO 19980 --- [           main] o.s.o.j.p.SpringPersistenceUnitInfo      : No LoadTimeWeaver setup: ignoring JPA class transformer
2026-09-13T08:40:22.256+05:30  INFO 19980 --- [           main] com.zaxxer.hikari.HikariDataSource       : HikariPool-1 - Starting...
2026-09-13T08:40:22.510+05:30  INFO 19980 --- [           main] com.zaxxer.hikari.pool.HikariPool        : HikariPool-1 - Added connection conn0: url=jdbc:h2:mem:authsecuritydb user=SA
2026-09-13T08:40:22.513+05:30  INFO 19980 --- [           main] com.zaxxer.hikari.HikariDataSource       : HikariPool-1 - Start completed.
2026-09-13T08:40:22.543+05:30  WARN 19980 --- [           main] org.hibernate.orm.deprecation            : HHH90000025: H2Dialect does not need to be specified explicitly using 'hibernate.dialect' (remove the property setting and it will be selected by default)
2026-09-13T08:40:22.571+05:30  INFO 19980 --- [           main] org.hibernate.orm.connections.pooling    : HHH10001005: Database info:
	Database JDBC URL [Connecting through datasource 'HikariDataSource (HikariPool-1)']
	Database driver: undefined/unknown
	Database version: 2.3.232
	Autocommit mode: undefined/unknown
	Isolation level: undefined/unknown
	Minimum pool size: undefined/unknown
	Maximum pool size: undefined/unknown
2026-09-13T08:40:23.502+05:30  INFO 19980 --- [           main] o.h.e.t.j.p.i.JtaPlatformInitiator       : HHH000489: No JTA platform available (set 'hibernate.transaction.jta.platform' to enable JTA platform integration)
2026-09-13T08:40:23.556+05:30  INFO 19980 --- [           main] j.LocalContainerEntityManagerFactoryBean : Initialized JPA EntityManagerFactory for persistence unit 'default'
2026-09-13T08:40:24.303+05:30  INFO 19980 --- [           main] eAuthenticationProviderManagerConfigurer : Global AuthenticationManager configured with AuthenticationProvider bean with name authenticationProvider
2026-09-13T08:40:24.303+05:30  WARN 19980 --- [           main] r$InitializeUserDetailsManagerConfigurer : Global AuthenticationManager configured with an AuthenticationProvider bean. UserDetailsService beans will not be used by Spring Security for automatically configuring username/password login. Consider removing the AuthenticationProvider bean. Alternatively, consider using the UserDetailsService in a manually instantiated DaoAuthenticationProvider. If the current configuration is intentional, to turn off this warning, increase the logging level of 'org.springframework.security.config.annotation.authentication.configuration.InitializeUserDetailsBeanManagerConfigurer' to ERROR
2026-09-13T08:40:24.412+05:30  WARN 19980 --- [           main] JpaBaseConfiguration$JpaWebConfiguration : spring.jpa.open-in-view is enabled by default. Therefore, database queries may be performed during view rendering. Explicitly configure spring.jpa.open-in-view to disable this warning
2026-09-13T08:40:25.328+05:30  INFO 19980 --- [           main] o.s.b.t.m.w.SpringBootMockServletContext : Initializing Spring TestDispatcherServlet ''
2026-09-13T08:40:25.328+05:30  INFO 19980 --- [           main] o.s.t.web.servlet.TestDispatcherServlet  : Initializing Servlet ''
2026-09-13T08:40:25.330+05:30  INFO 19980 --- [           main] o.s.t.web.servlet.TestDispatcherServlet  : Completed initialization in 1 ms
2026-09-13T08:40:25.359+05:30  INFO 19980 --- [           main] c.cloudide.cloudide.AuthSecurityTests    : Started AuthSecurityTests in 6.711 seconds (process running for 7.762)
2026-09-13T08:40:25.749+05:30  INFO 19980 --- [           main] c.c.cloudide.config.DataInitializer      : Seeding database with default developer user (BCrypt-encoded) and starter projects...
2026-09-13T08:40:25.856+05:30  INFO 19980 --- [           main] c.c.cloudide.config.DataInitializer      : Database seeding completed successfully.
2026-09-13T08:40:26.474+05:30  INFO 19980 --- [           main] c.cloudide.cloudide.service.UserService  : Registered new user with id: 2 and email: alice@example.com
2026-09-13T08:40:26.814+05:30  INFO 19980 --- [           main] c.c.cloudide.service.ProjectService      : Created project id: 4 for user: alice@example.com with initial file: Main.java
2026-09-13T08:40:26.861+05:30  INFO 19980 --- [           main] c.cloudide.cloudide.service.FileService  : Created file id: 7 (AliceSecret.java) in project id: 4
2026-09-13T08:40:26.936+05:30  INFO 19980 --- [           main] c.cloudide.cloudide.service.UserService  : Registered new user with id: 3 and email: bob@example.com
2026-09-13T08:40:27.029+05:30  WARN 19980 --- [           main] c.c.cloudide.service.ProjectService      : Security violation: User 3 attempted to access project 4 owned by user 2
2026-09-13T08:40:27.052+05:30  WARN 19980 --- [           main] c.c.cloudide.service.ProjectService      : Security violation: User 3 attempted to access project 4 owned by user 2
2026-09-13T08:40:27.061+05:30  WARN 19980 --- [           main] c.c.cloudide.service.ProjectService      : Security violation: User 3 attempted to access project 4 owned by user 2
2026-09-13T08:40:27.070+05:30  WARN 19980 --- [           main] c.cloudide.cloudide.service.FileService  : Security violation: User 3 attempted to access files in project 4 owned by user 2
2026-09-13T08:40:27.081+05:30  WARN 19980 --- [           main] c.cloudide.cloudide.service.FileService  : Security violation: User 3 attempted to access files in project 4 owned by user 2
2026-09-13T08:40:27.093+05:30  WARN 19980 --- [           main] c.cloudide.cloudide.service.FileService  : Security violation: User 3 attempted to access files in project 4 owned by user 2
]]></system-out>
    <system-err><![CDATA[Mockito is currently self-attaching to enable the inline-mock-maker. This will no longer work in future releases of the JDK. Please add Mockito as an agent to your build what is described in Mockito's documentation: https://javadoc.io/doc/org.mockito/mockito-core/latest/org/mockito/Mockito.html#0.3
WARNING: A Java agent has been loaded dynamically (C:\Users\Welcome\.m2\repository\net\bytebuddy\byte-buddy-agent\1.15.11\byte-buddy-agent-1.15.11.jar)
WARNING: If a serviceability tool is in use, please run with -XX:+EnableDynamicAgentLoading to hide this warning
WARNING: If a serviceability tool is not in use, please run with -Djdk.instrument.traceUsage for more information
WARNING: Dynamic loading of agents will be disallowed by default in a future release
]]></system-err>
  </testcase>
  <testcase name="testRegistrationAndLoginFlow" classname="com.cloudide.cloudide.AuthSecurityTests" time="0.372">
    <system-out><![CDATA[2026-09-13T08:40:27.261+05:30  INFO 19980 --- [           main] c.cloudide.cloudide.service.UserService  : Registered new user with id: 4 and email: harish@example.com
2026-09-13T08:40:27.420+05:30  WARN 19980 --- [           main] c.cloudide.cloudide.service.UserService  : Authentication failed for email: harish@example.com
2026-09-13T08:40:27.489+05:30  WARN 19980 --- [           main] c.cloudide.cloudide.service.UserService  : Authentication failed for email: unknown@example.com
]]></system-out>
  </testcase>
  <testcase name="testProtectedEndpointsRejectUnauthenticated" classname="com.cloudide.cloudide.AuthSecurityTests" time="0.008"/>
  <testcase name="testPublicHealthEndpoint" classname="com.cloudide.cloudide.AuthSecurityTests" time="0.009"/>
</testsuite>