<?xml version="1.0" encoding="UTF-8"?>
<testsuite xmlns:xsi="http://www.w3.org/2001/XMLSchema-instance" xsi:noNamespaceSchemaLocation="https://maven.apache.org/surefire/maven-surefire-plugin/xsd/surefire-test-report.xsd" version="3.0.2" name="com.cloudide.cloudide.ExecutionControllerTests" time="5.769" tests="8" errors="0" skipped="0" failures="0">
  <properties>
[...]
</properties>
  <testcase name="testUnauthenticatedExecutionRejected" classname="com.cloudide.cloudide.ExecutionControllerTests" time="0.617">
    <system-out><![CDATA[2026-09-13T09:37:08.466+05:30  INFO 16720 --- [           main] t.c.s.AnnotationConfigContextLoaderUtils : Could not detect default configuration classes for test class [com.cloudide.cloudide.ExecutionControllerTests]: ExecutionControllerTests does not declare any static, non-private, non-final, nested classes annotated with @Configuration.
2026-09-13T09:37:08.474+05:30  INFO 16720 --- [           main] .b.t.c.SpringBootTestContextBootstrapper : Found @SpringBootConfiguration com.cloudide.cloudide.CloudIdeApplication for test class com.cloudide.cloudide.ExecutionControllerTests

  .   ____          _            __ _ _
 /\\ / ___'_ __ _ _(_)_ __  __ _ \ \ \ \
( ( )\___ | '_ | '_| | '_ \/ _` | \ \ \ \
 \\/  ___)| |_)| | | | | || (_| |  ) ) ) )
  '  |____| .__|_| |_|_| |_\__, | / / / /
 =========|_|==============|___/=/_/_/_/

 :: Spring Boot ::                (v3.4.3)

2026-09-13T09:37:08.515+05:30  INFO 16720 --- [           main] c.c.cloudide.ExecutionControllerTests    : Starting ExecutionControllerTests using Java 25.0.1 with PID 16720 (started by Welcome in C:\Users\Welcome\Documents\projects\Cloud-IDE\backend)
2026-09-13T09:37:08.516+05:30  INFO 16720 --- [           main] c.c.cloudide.ExecutionControllerTests    : No active profile set, falling back to 1 default profile: "default"
2026-09-13T09:37:08.961+05:30  INFO 16720 --- [           main] .s.d.r.c.RepositoryConfigurationDelegate : Bootstrapping Spring Data JPA repositories in DEFAULT mode.
2026-09-13T09:37:08.995+05:30  INFO 16720 --- [           main] .s.d.r.c.RepositoryConfigurationDelegate : Finished Spring Data repository scanning in 31 ms. Found 3 JPA repository interfaces.
2026-09-13T09:37:09.293+05:30  INFO 16720 --- [           main] o.hibernate.jpa.internal.util.LogHelper  : HHH000204: Processing PersistenceUnitInfo [name: default]
2026-09-13T09:37:09.297+05:30  INFO 16720 --- [           main] o.h.c.internal.RegionFactoryInitiator    : HHH000026: Second-level cache disabled
2026-09-13T09:37:09.308+05:30  INFO 16720 --- [           main] o.s.o.j.p.SpringPersistenceUnitInfo      : No LoadTimeWeaver setup: ignoring JPA class transformer
2026-09-13T09:37:09.310+05:30  INFO 16720 --- [           main] com.zaxxer.hikari.HikariDataSource       : HikariPool-4 - Starting...
2026-09-13T09:37:09.314+05:30  INFO 16720 --- [           main] com.zaxxer.hikari.pool.HikariPool        : HikariPool-4 - Added connection conn30: url=jdbc:h2:mem:executiontestdb user=SA
2026-09-13T09:37:09.314+05:30  INFO 16720 --- [           main] com.zaxxer.hikari.HikariDataSource       : HikariPool-4 - Start completed.
2026-09-13T09:37:09.315+05:30  WARN 16720 --- [           main] org.hibernate.orm.deprecation            : HHH90000025: H2Dialect does not need to be specified explicitly using 'hibernate.dialect' (remove the property setting and it will be selected by default)
2026-09-13T09:37:09.315+05:30  INFO 16720 --- [           main] org.hibernate.orm.connections.pooling    : HHH10001005: Database info:
	Database JDBC URL [Connecting through datasource 'HikariDataSource (HikariPool-4)']
	Database driver: undefined/unknown
	Database version: 2.3.232
	Autocommit mode: undefined/unknown
	Isolation level: undefined/unknown
	Minimum pool size: undefined/unknown
	Maximum pool size: undefined/unknown
2026-09-13T09:37:09.415+05:30  INFO 16720 --- [           main] o.h.e.t.j.p.i.JtaPlatformInitiator       : HHH000489: No JTA platform available (set 'hibernate.transaction.jta.platform' to enable JTA platform integration)
2026-09-13T09:37:09.425+05:30  INFO 16720 --- [           main] j.LocalContainerEntityManagerFactoryBean : Initialized JPA EntityManagerFactory for persistence unit 'default'
2026-09-13T09:37:09.603+05:30  INFO 16720 --- [           main] eAuthenticationProviderManagerConfigurer : Global AuthenticationManager configured with AuthenticationProvider bean with name authenticationProvider
2026-09-13T09:37:09.603+05:30  WARN 16720 --- [           main] r$InitializeUserDetailsManagerConfigurer : Global AuthenticationManager configured with an AuthenticationProvider bean. UserDetailsService beans will not be used by Spring Security for automatically configuring username/password login. Consider removing the AuthenticationProvider bean. Alternatively, consider using the UserDetailsService in a manually instantiated DaoAuthenticationProvider. If the current configuration is intentional, to turn off this warning, increase the logging level of 'org.springframework.security.config.annotation.authentication.configuration.InitializeUserDetailsBeanManagerConfigurer' to ERROR
2026-09-13T09:37:09.646+05:30  WARN 16720 --- [           main] JpaBaseConfiguration$JpaWebConfiguration : spring.jpa.open-in-view is enabled by default. Therefore, database queries may be performed during view rendering. Explicitly configure spring.jpa.open-in-view to disable this warning
2026-09-13T09:37:09.803+05:30  INFO 16720 --- [           main] o.s.b.a.e.web.EndpointLinksResolver      : Exposing 1 endpoint beneath base path '/actuator'
2026-09-13T09:37:10.118+05:30  INFO 16720 --- [           main] o.s.b.t.m.w.SpringBootMockServletContext : Initializing Spring TestDispatcherServlet ''
2026-09-13T09:37:10.118+05:30  INFO 16720 --- [           main] o.s.t.web.servlet.TestDispatcherServlet  : Initializing Servlet ''
2026-09-13T09:37:10.119+05:30  INFO 16720 --- [           main] o.s.t.web.servlet.TestDispatcherServlet  : Completed initialization in 1 ms
2026-09-13T09:37:10.146+05:30  INFO 16720 --- [           main] c.c.cloudide.ExecutionControllerTests    : Started ExecutionControllerTests in 1.664 seconds (process running for 24.025)
2026-09-13T09:37:10.153+05:30  INFO 16720 --- [           main] c.c.cloudide.config.DataInitializer      : Seeding database with default developer user (BCrypt-encoded) and starter projects...
2026-09-13T09:37:10.266+05:30  INFO 16720 --- [           main] c.c.cloudide.config.DataInitializer      : Database seeding completed successfully.
2026-09-13T09:37:10.438+05:30  INFO 16720 --- [           main] c.cloudide.cloudide.service.UserService  : Registered new user with id: 2 and email: user1_1789272430277@example.com
2026-09-13T09:37:10.762+05:30  INFO 16720 --- [           main] c.cloudide.cloudide.service.UserService  : Registered new user with id: 3 and email: user2_1789272430662@example.com
]]></system-out>
  </testcase>
  <testcase name="testExecuteForwardsToWorker" classname="com.cloudide.cloudide.ExecutionControllerTests" time="0.524">
    <system-out><![CDATA[2026-09-13T09:37:11.000+05:30  INFO 16720 --- [           main] c.cloudide.cloudide.service.UserService  : Registered new user with id: 4 and email: user1_1789272430891@example.com
2026-09-13T09:37:11.227+05:30  INFO 16720 --- [           main] c.cloudide.cloudide.service.UserService  : Registered new user with id: 5 and email: user2_1789272431117@example.com
2026-09-13T09:37:11.401+05:30  INFO 16720 --- [           main] c.c.cloudide.service.ExecutionService    : Starting interactive PYTHON execution (id: a2839cc2-b199-490a-943d-48057d82ec71) for user user1_1789272430891@example.com
]]></system-out>
  </testcase>
  <testcase name="testExecutionOwnershipAllowedForOwner" classname="com.cloudide.cloudide.ExecutionControllerTests" time="0.487">
    <system-out><![CDATA[2026-09-13T09:37:11.522+05:30  INFO 16720 --- [           main] c.cloudide.cloudide.service.UserService  : Registered new user with id: 6 and email: user1_1789272431417@example.com
2026-09-13T09:37:11.747+05:30  INFO 16720 --- [           main] c.cloudide.cloudide.service.UserService  : Registered new user with id: 7 and email: user2_1789272431644@example.com
2026-09-13T09:37:11.868+05:30  INFO 16720 --- [           main] c.c.cloudide.service.ExecutionService    : Starting interactive JAVA execution (id: 0ed216b8-7b1c-4879-8aff-65c1c6cc3461) for user user1_1789272431417@example.com
2026-09-13T09:37:11.890+05:30  INFO 16720 --- [           main] c.c.cloudide.service.ExecutionService    : User user1_1789272431417@example.com sending stdin input to execution 0ed216b8-7b1c-4879-8aff-65c1c6cc3461
]]></system-out>
  </testcase>
  <testcase name="testExecutionOwnershipRejectsOtherUser" classname="com.cloudide.cloudide.ExecutionControllerTests" time="0.507">
    <system-out><![CDATA[2026-09-13T09:37:12.021+05:30  INFO 16720 --- [           main] c.cloudide.cloudide.service.UserService  : Registered new user with id: 8 and email: user1_1789272431908@example.com
2026-09-13T09:37:12.244+05:30  INFO 16720 --- [           main] c.cloudide.cloudide.service.UserService  : Registered new user with id: 9 and email: user2_1789272432133@example.com
2026-09-13T09:37:12.388+05:30  INFO 16720 --- [           main] c.c.cloudide.service.ExecutionService    : Starting interactive JAVA execution (id: 4d0b5f2b-7305-4de7-b680-af287b763c27) for user user1_1789272431908@example.com
2026-09-13T09:37:12.400+05:30  WARN 16720 --- [           main] c.c.cloudide.service.ExecutionService    : Security violation: User 9 attempted to access execution 4d0b5f2b-7305-4de7-b680-af287b763c27 owned by User 8
]]></system-out>
  </testcase>
  <testcase name="testGracefulWorkerFailureHandling" classname="com.cloudide.cloudide.ExecutionControllerTests" time="0.469">
    <system-out><![CDATA[2026-09-13T09:37:12.522+05:30  INFO 16720 --- [           main] c.cloudide.cloudide.service.UserService  : Registered new user with id: 10 and email: user1_1789272432415@example.com
2026-09-13T09:37:12.759+05:30  INFO 16720 --- [           main] c.cloudide.cloudide.service.UserService  : Registered new user with id: 11 and email: user2_1789272432650@example.com
2026-09-13T09:37:12.877+05:30  INFO 16720 --- [           main] c.c.cloudide.service.ExecutionService    : Starting interactive PYTHON execution (id: 8ca512df-8eb6-4fd8-bfc0-e9a5d8cd7913) for user user1_1789272432415@example.com
]]></system-out>
  </testcase>
  <testcase name="testExecutionHealthEndpoint" classname="com.cloudide.cloudide.ExecutionControllerTests" time="0.448">
    <system-out><![CDATA[2026-09-13T09:37:12.987+05:30  INFO 16720 --- [           main] c.cloudide.cloudide.service.UserService  : Registered new user with id: 12 and email: user1_1789272432885@example.com
2026-09-13T09:37:13.207+05:30  INFO 16720 --- [           main] c.cloudide.cloudide.service.UserService  : Registered new user with id: 13 and email: user2_1789272433098@example.com
]]></system-out>
  </testcase>
  <testcase name="testInvalidExecutionRequestValidation" classname="com.cloudide.cloudide.ExecutionControllerTests" time="0.444">
    <system-out><![CDATA[2026-09-13T09:37:13.439+05:30  INFO 16720 --- [           main] c.cloudide.cloudide.service.UserService  : Registered new user with id: 14 and email: user1_1789272433335@example.com
2026-09-13T09:37:13.651+05:30  INFO 16720 --- [           main] c.cloudide.cloudide.service.UserService  : Registered new user with id: 15 and email: user2_1789272433548@example.com
]]></system-out>
  </testcase>
  <testcase name="testStopExecutionOwnershipRejectsOtherUser" classname="com.cloudide.cloudide.ExecutionControllerTests" time="0.451">
    <system-out><![CDATA[2026-09-13T09:37:13.881+05:30  INFO 16720 --- [           main] c.cloudide.cloudide.service.UserService  : Registered new user with id: 16 and email: user1_1789272433779@example.com
2026-09-13T09:37:14.090+05:30  INFO 16720 --- [           main] c.cloudide.cloudide.service.UserService  : Registered new user with id: 17 and email: user2_1789272433991@example.com
2026-09-13T09:37:14.212+05:30  INFO 16720 --- [           main] c.c.cloudide.service.ExecutionService    : Starting interactive JAVA execution (id: 7ec45a89-33e1-41dd-98b0-88d1c400f37d) for user user1_1789272433779@example.com
2026-09-13T09:37:14.224+05:30  WARN 16720 --- [           main] c.c.cloudide.service.ExecutionService    : Security violation: User 17 attempted to access execution 7ec45a89-33e1-41dd-98b0-88d1c400f37d owned by User 16
]]></system-out>
  </testcase>
</testsuite>