<?xml version="1.0" encoding="UTF-8"?>
<testsuite xmlns:xsi="http://www.w3.org/2001/XMLSchema-instance" xsi:noNamespaceSchemaLocation="https://maven.apache.org/surefire/maven-surefire-plugin/xsd/surefire-test-report.xsd" version="3.0.2" name="com.cloudide.execution.ExecutionWorkerApplicationTests" time="5.109" tests="6" errors="0" skipped="0" failures="0">
  <properties>
[...]
</properties>
  <testcase name="testRequestWithoutSecretRejected" classname="com.cloudide.execution.ExecutionWorkerApplicationTests" time="1.045">
    <system-out><![CDATA[08:40:46.707 [main] INFO org.springframework.test.context.support.AnnotationConfigContextLoaderUtils -- Could not detect default configuration classes for test class [com.cloudide.execution.ExecutionWorkerApplicationTests]: ExecutionWorkerApplicationTests does not declare any static, non-private, non-final, nested classes annotated with @Configuration.
08:40:46.834 [main] INFO org.springframework.boot.test.context.SpringBootTestContextBootstrapper -- Found @SpringBootConfiguration com.cloudide.execution.ExecutionWorkerApplication for test class com.cloudide.execution.ExecutionWorkerApplicationTests

  .   ____          _            __ _ _
 /\\ / ___'_ __ _ _(_)_ __  __ _ \ \ \ \
( ( )\___ | '_ | '_| | '_ \/ _` | \ \ \ \
 \\/  ___)| |_)| | | | | || (_| |  ) ) ) )
  '  |____| .__|_| |_|_| |_\__, | / / / /
 =========|_|==============|___/=/_/_/_/

 :: Spring Boot ::                (v3.4.3)

2026-09-13T08:40:47.411+05:30  INFO 19140 --- [execution-worker-test] [           main] c.c.e.ExecutionWorkerApplicationTests    : Starting ExecutionWorkerApplicationTests using Java 25.0.1 with PID 19140 (started by Welcome in C:\Users\Welcome\Documents\projects\Cloud-IDE\execution-worker)
2026-09-13T08:40:47.413+05:30  INFO 19140 --- [execution-worker-test] [           main] c.c.e.ExecutionWorkerApplicationTests    : No active profile set, falling back to 1 default profile: "default"
2026-09-13T08:40:49.055+05:30  INFO 19140 --- [execution-worker-test] [           main] o.s.b.t.m.w.SpringBootMockServletContext : Initializing Spring TestDispatcherServlet ''
2026-09-13T08:40:49.056+05:30  INFO 19140 --- [execution-worker-test] [           main] o.s.t.web.servlet.TestDispatcherServlet  : Initializing Servlet ''
2026-09-13T08:40:49.057+05:30  INFO 19140 --- [execution-worker-test] [           main] o.s.t.web.servlet.TestDispatcherServlet  : Completed initialization in 1 ms
2026-09-13T08:40:49.089+05:30  INFO 19140 --- [execution-worker-test] [           main] c.c.e.ExecutionWorkerApplicationTests    : Started ExecutionWorkerApplicationTests in 2.09 seconds (process running for 3.102)
2026-09-13T08:40:50.073+05:30  WARN 19140 --- [execution-worker-test] [           main] c.c.e.config.WorkerSecretInterceptor     : Unauthorized worker request to /internal/health from remote IP 127.0.0.1
]]></system-out>
    <system-err><![CDATA[Mockito is currently self-attaching to enable the inline-mock-maker. This will no longer work in future releases of the JDK. Please add Mockito as an agent to your build what is described in Mockito's documentation: https://javadoc.io/doc/org.mockito/mockito-core/latest/org/mockito/Mockito.html#0.3
WARNING: A Java agent has been loaded dynamically (C:\Users\Welcome\.m2\repository\net\bytebuddy\byte-buddy-agent\1.15.11\byte-buddy-agent-1.15.11.jar)
WARNING: If a serviceability tool is in use, please run with -XX:+EnableDynamicAgentLoading to hide this warning
WARNING: If a serviceability tool is not in use, please run with -Djdk.instrument.traceUsage for more information
WARNING: Dynamic loading of agents will be disallowed by default in a future release
]]></system-err>
  </testcase>
  <testcase name="testHealthEndpointWithValidSecret" classname="com.cloudide.execution.ExecutionWorkerApplicationTests" time="1.331"/>
  <testcase name="testRequestWithInvalidSecretRejected" classname="com.cloudide.execution.ExecutionWorkerApplicationTests" time="0.005">
    <system-out><![CDATA[2026-09-13T08:40:51.487+05:30  WARN 19140 --- [execution-worker-test] [           main] c.c.e.config.WorkerSecretInterceptor     : Unauthorized worker request to /internal/health from remote IP 127.0.0.1
]]></system-out>
  </testcase>
  <testcase name="testInvalidExecutionRequestValidation" classname="com.cloudide.execution.ExecutionWorkerApplicationTests" time="0.14">
    <system-out><![CDATA[2026-09-13T08:40:51.629+05:30  WARN 19140 --- [execution-worker-test] [           main] .w.s.m.s.DefaultHandlerExceptionResolver : Resolved [org.springframework.web.bind.MethodArgumentNotValidException: Validation failed for argument [0] in public org.springframework.http.ResponseEntity<com.cloudide.execution.dto.ExecutionResponse> com.cloudide.execution.controller.InternalExecutionController.startExecution(com.cloudide.execution.dto.ExecutionStartRequest) with 2 errors: [Field error in object 'executionStartRequest' on field 'code': rejected value []; codes [NotBlank.executionStartRequest.code,NotBlank.code,NotBlank.java.lang.String,NotBlank]; arguments [org.springframework.context.support.DefaultMessageSourceResolvable: codes [executionStartRequest.code,code]; arguments []; default message [code]]; default message [Source code cannot be empty]] [Field error in object 'executionStartRequest' on field 'language': rejected value [null]; codes [NotNull.executionStartRequest.language,NotNull.language,NotNull.com.cloudide.execution.enums.ProgrammingLanguage,NotNull]; arguments [org.springframework.context.support.DefaultMessageSourceResolvable: codes [executionStartRequest.language,language]; arguments []; default message [language]]; default message [Programming language is required]] ]
]]></system-out>
  </testcase>
  <testcase name="testNonExistentExecutionInput" classname="com.cloudide.execution.ExecutionWorkerApplicationTests" time="0.019"/>
  <testcase name="testNonExistentExecutionQuery" classname="com.cloudide.execution.ExecutionWorkerApplicationTests" time="0.027"/>
</testsuite>